<?xml version="1.0" encoding="UTF-8"?>
<!-- Generated by org.testng.reporters.JUnitReportReporter -->
<testsuite skipped="0" hostname="ARJUNS" name="MembersipDetailsVerify.Membership" tests="1" failures="0" timestamp="04 May 2018 22:41:43 GMT" time="63.186" errors="0">
  <testcase name="testChrome" time="63.186" classname="MembersipDetailsVerify.Membership"/>
</testsuite> <!-- MembersipDetailsVerify.Membership -->
