<?xml version="1.0" encoding="UTF-8"?>
<!-- Generated by org.testng.reporters.JUnitReportReporter -->
<testsuite skipped="0" hostname="ARJUNS" name="usgbc.communityRegistration.CommunityRegistration" tests="1" failures="0" timestamp="24 Apr 2018 23:25:45 GMT" time="18.647" errors="0">
  <testcase name="communityDetails" time="18.647" classname="usgbc.communityRegistration.CommunityRegistration"/>
</testsuite> <!-- usgbc.communityRegistration.CommunityRegistration -->
