<?xml version="1.0" encoding="UTF-8"?>
<!-- Generated by org.testng.reporters.JUnitReportReporter -->
<testsuite skipped="0" hostname="ARJUNS" name="ExamRegistration.Exam_Page" tests="1" failures="0" timestamp="30 Apr 2018 15:54:01 GMT" time="7.618" errors="0">
  <testcase name="browser" time="7.618" classname="ExamRegistration.Exam_Page"/>
</testsuite> <!-- ExamRegistration.Exam_Page -->
